<?xml version="1.0" encoding="UTF-8"?>
<testsuite xmlns:xsi="http://www.w3.org/2001/XMLSchema-instance" xsi:noNamespaceSchemaLocation="https://maven.apache.org/surefire/maven-surefire-plugin/xsd/surefire-test-report.xsd" name="ANTLRTest" time="0.897" tests="3" errors="0" skipped="0" failures="0">
  <properties>
    <property name="sun.desktop" value="windows"/>
    <property name="awt.toolkit" value="sun.awt.windows.WToolkit"/>
    <property name="file.encoding.pkg" value="sun.io"/>
    <property name="java.specification.version" value="1.8"/>
    <property name="sun.cpu.isalist" value="amd64"/>
    <property name="sun.jnu.encoding" value="Cp1252"/>
    <property name="java.class.path" value="C:\workspace\jqassistant\jqa-python-plugin\target\test-classes;C:\workspace\jqassistant\jqa-python-plugin\target\classes;c:\Develop\maven-repository\org\antlr\antlr4-runtime\4.7\antlr4-runtime-4.7.jar;c:\Develop\maven-repository\org\python\jython-standalone\2.7.1\jython-standalone-2.7.1.jar;c:\Develop\maven-repository\com\buschmais\jqassistant\plugin\common\1.6.0\common-1.6.0.jar;c:\Develop\maven-repository\org\yaml\snakeyaml\1.19\snakeyaml-1.19.jar;c:\Develop\maven-repository\com\opencsv\opencsv\4.2\opencsv-4.2.jar;c:\Develop\maven-repository\org\apache\commons\commons-lang3\3.7\commons-lang3-3.7.jar;c:\Develop\maven-repository\org\apache\commons\commons-text\1.3\commons-text-1.3.jar;c:\Develop\maven-repository\commons-beanutils\commons-beanutils\1.9.3\commons-beanutils-1.9.3.jar;c:\Develop\maven-repository\commons-collections\commons-collections\3.2.2\commons-collections-3.2.2.jar;c:\Develop\maven-repository\org\apache\commons\commons-collections4\4.1\commons-collections4-4.1.jar;c:\Develop\maven-repository\com\google\guava\guava\20.0\guava-20.0.jar;c:\Develop\maven-repository\org\apache\commons\commons-compress\1.18\commons-compress-1.18.jar;c:\Develop\maven-repository\com\buschmais\jqassistant\core\shared\1.6.0\shared-1.6.0.jar;c:\Develop\maven-repository\org\asciidoctor\asciidoctorj\1.5.7\asciidoctorj-1.5.7.jar;c:\Develop\maven-repository\com\beust\jcommander\1.35\jcommander-1.35.jar;c:\Develop\maven-repository\org\asciidoctor\asciidoctorj-diagram\1.5.10\asciidoctorj-diagram-1.5.10.jar;c:\Develop\maven-repository\org\asciidoctor\asciidoctorj-pdf\1.5.0-alpha.16\asciidoctorj-pdf-1.5.0-alpha.16.jar;c:\Develop\maven-repository\net\sourceforge\plantuml\plantuml\1.2018.12\plantuml-1.2018.12.jar;c:\Develop\maven-repository\org\jruby\jruby-core\9.1.17.0\jruby-core-9.1.17.0.jar;c:\Develop\maven-repository\com\github\jnr\jnr-netdb\1.1.6\jnr-netdb-1.1.6.jar;c:\Develop\maven-repository\com\github\jnr\jnr-enxio\0.16\jnr-enxio-0.16.jar;c:\Develop\maven-repository\com\github\jnr\jnr-x86asm\1.0.2\jnr-x86asm-1.0.2.jar;c:\Develop\maven-repository\com\github\jnr\jnr-unixsocket\0.17\jnr-unixsocket-0.17.jar;c:\Develop\maven-repository\com\github\jnr\jnr-posix\3.0.44\jnr-posix-3.0.44.jar;c:\Develop\maven-repository\com\github\jnr\jnr-constants\0.9.9\jnr-constants-0.9.9.jar;c:\Develop\maven-repository\com\github\jnr\jffi\1.2.16\jffi-1.2.16.jar;c:\Develop\maven-repository\com\github\jnr\jffi\1.2.16\jffi-1.2.16-native.jar;c:\Develop\maven-repository\org\jruby\joni\joni\2.1.15\joni-2.1.15.jar;c:\Develop\maven-repository\org\jruby\extras\bytelist\1.0.15\bytelist-1.0.15.jar;c:\Develop\maven-repository\org\jruby\jcodings\jcodings\1.0.27\jcodings-1.0.27.jar;c:\Develop\maven-repository\org\jruby\dirgra\0.3\dirgra-0.3.jar;c:\Develop\maven-repository\com\headius\invokebinder\1.10\invokebinder-1.10.jar;c:\Develop\maven-repository\com\headius\options\1.4\options-1.4.jar;c:\Develop\maven-repository\com\headius\unsafe-fences\1.0\unsafe-fences-1.0.jar;c:\Develop\maven-repository\com\jcraft\jzlib\1.1.3\jzlib-1.1.3.jar;c:\Develop\maven-repository\com\martiansoftware\nailgun-server\0.9.1\nailgun-server-0.9.1.jar;c:\Develop\maven-repository\joda-time\joda-time\2.8.2\joda-time-2.8.2.jar;c:\Develop\maven-repository\com\headius\modulator\1.0\modulator-1.0.jar;c:\Develop\maven-repository\org\jruby\jruby-stdlib\9.1.17.0\jruby-stdlib-9.1.17.0.jar;c:\Develop\maven-repository\org\slf4j\slf4j-api\1.7.25\slf4j-api-1.7.25.jar;c:\Develop\maven-repository\org\slf4j\jcl-over-slf4j\1.7.21\jcl-over-slf4j-1.7.21.jar;c:\Develop\maven-repository\com\buschmais\jqassistant\core\scanner\1.6.0\scanner-1.6.0.jar;c:\Develop\maven-repository\com\buschmais\jqassistant\core\store\1.6.0\store-1.6.0.jar;c:\Develop\maven-repository\commons-io\commons-io\2.6\commons-io-2.6.jar;c:\Develop\maven-repository\commons-lang\commons-lang\2.4\commons-lang-2.4.jar;c:\Develop\maven-repository\com\buschmais\jqassistant\core\report\1.6.0\report-1.6.0.jar;c:\Develop\maven-repository\com\buschmais\jqassistant\core\rule\1.6.0\rule-1.6.0.jar;c:\Develop\maven-repository\com\buschmais\xo\xo.neo4j.api\0.11.0\xo.neo4j.api-0.11.0.jar;c:\Develop\maven-repository\com\buschmais\xo\xo.api\0.11.0\xo.api-0.11.0.jar;c:\Develop\maven-repository\javax\validation\validation-api\1.1.0.Final\validation-api-1.1.0.Final.jar;c:\Develop\maven-repository\com\buschmais\xo\xo.spi\0.11.0\xo.spi-0.11.0.jar;c:\Develop\maven-repository\org\glassfish\jaxb\jaxb-runtime\2.4.0-b180830.0438\jaxb-runtime-2.4.0-b180830.0438.jar;c:\Develop\maven-repository\javax\xml\bind\jaxb-api\2.4.0-b180830.0359\jaxb-api-2.4.0-b180830.0359.jar;c:\Develop\maven-repository\org\glassfish\jaxb\txw2\2.4.0-b180830.0438\txw2-2.4.0-b180830.0438.jar;c:\Develop\maven-repository\com\sun\istack\istack-commons-runtime\3.0.7\istack-commons-runtime-3.0.7.jar;c:\Develop\maven-repository\org\jvnet\staxex\stax-ex\1.8\stax-ex-1.8.jar;c:\Develop\maven-repository\com\sun\xml\fastinfoset\FastInfoset\1.2.15\FastInfoset-1.2.15.jar;c:\Develop\maven-repository\javax\activation\javax.activation-api\1.2.0\javax.activation-api-1.2.0.jar;c:\Develop\maven-repository\com\buschmais\jqassistant\core\plugin\1.6.0\plugin-1.6.0.jar;c:\Develop\maven-repository\com\buschmais\jqassistant\core\analysis\1.6.0\analysis-1.6.0.jar;c:\Develop\maven-repository\com\buschmais\jqassistant\plugin\common\1.6.0\common-1.6.0-tests.jar;c:\Develop\maven-repository\com\buschmais\jqassistant\core\store\1.6.0\store-1.6.0-tests.jar;c:\Develop\maven-repository\com\buschmais\jqassistant\neo4jserver\bootstrap\1.6.0\bootstrap-1.6.0.jar;c:\Develop\maven-repository\com\buschmais\xo\xo.neo4j.remote\0.11.0\xo.neo4j.remote-0.11.0.jar;c:\Develop\maven-repository\org\neo4j\driver\neo4j-java-driver\1.7.0\neo4j-java-driver-1.7.0.jar;c:\Develop\maven-repository\com\buschmais\xo\xo.impl\0.11.0\xo.impl-0.11.0.jar;c:\Develop\maven-repository\com\buschmais\jqassistant\core\analysis\1.6.0\analysis-1.6.0-tests.jar;c:\Develop\maven-repository\com\buschmais\xo\xo.neo4j.embedded\0.11.0\xo.neo4j.embedded-0.11.0.jar;c:\Develop\maven-repository\com\buschmais\xo\xo.neo4j.spi\0.11.0\xo.neo4j.spi-0.11.0.jar;c:\Develop\maven-repository\com\buschmais\jqassistant\neo4jserver\neo4jv3\1.6.0\neo4jv3-1.6.0.jar;c:\Develop\maven-repository\org\neo4j\app\neo4j-server\3.4.10\neo4j-server-3.4.10.jar;c:\Develop\maven-repository\org\neo4j\neo4j-lucene-index\3.4.10\neo4j-lucene-index-3.4.10.jar;c:\Develop\maven-repository\org\apache\lucene\lucene-analyzers-common\5.5.5\lucene-analyzers-common-5.5.5.jar;c:\Develop\maven-repository\org\apache\lucene\lucene-core\5.5.5\lucene-core-5.5.5.jar;c:\Develop\maven-repository\org\apache\lucene\lucene-queryparser\5.5.5\lucene-queryparser-5.5.5.jar;c:\Develop\maven-repository\org\apache\lucene\lucene-codecs\5.5.5\lucene-codecs-5.5.5.jar;c:\Develop\maven-repository\org\neo4j\neo4j-graph-algo\3.4.10\neo4j-graph-algo-3.4.10.jar;c:\Develop\maven-repository\org\neo4j\neo4j-udc\3.4.10\neo4j-udc-3.4.10.jar;c:\Develop\maven-repository\org\neo4j\neo4j-jmx\3.4.10\neo4j-jmx-3.4.10.jar;c:\Develop\maven-repository\org\neo4j\neo4j-consistency-check\3.4.10\neo4j-consistency-check-3.4.10.jar;c:\Develop\maven-repository\org\neo4j\neo4j-kernel\3.4.10\neo4j-kernel-3.4.10.jar;c:\Develop\maven-repository\org\neo4j\neo4j-graphdb-api\3.4.10\neo4j-graphdb-api-3.4.10.jar;c:\Develop\maven-repository\org\neo4j\neo4j-resource\3.4.10\neo4j-resource-3.4.10.jar;c:\Develop\maven-repository\org\neo4j\neo4j-procedure-api\3.4.10\neo4j-procedure-api-3.4.10.jar;c:\Develop\maven-repository\org\neo4j\neo4j-kernel-api\3.4.10\neo4j-kernel-api-3.4.10.jar;c:\Develop\maven-repository\org\neo4j\neo4j-common\3.4.10\neo4j-common-3.4.10.jar;c:\Develop\maven-repository\org\neo4j\neo4j-values\3.4.10\neo4j-values-3.4.10.jar;c:\Develop\maven-repository\org\neo4j\neo4j-collections\3.4.10\neo4j-collections-3.4.10.jar;c:\Develop\maven-repository\org\neo4j\neo4j-primitive-collections\3.4.10\neo4j-primitive-collections-3.4.10.jar;c:\Develop\maven-repository\org\neo4j\neo4j-unsafe\3.4.10\neo4j-unsafe-3.4.10.jar;c:\Develop\maven-repository\org\neo4j\neo4j-io\3.4.10\neo4j-io-3.4.10.jar;c:\Develop\maven-repository\org\neo4j\neo4j-csv\3.4.10\neo4j-csv-3.4.10.jar;c:\Develop\maven-repository\org\neo4j\neo4j-logging\3.4.10\neo4j-logging-3.4.10.jar;c:\Develop\maven-repository\org\neo4j\neo4j-lucene-upgrade\3.4.10\neo4j-lucene-upgrade-3.4.10.jar;c:\Develop\maven-repository\org\apache\lucene\lucene-backward-codecs\5.5.0\lucene-backward-codecs-5.5.0.jar;c:\Develop\maven-repository\org\neo4j\neo4j-configuration\3.4.10\neo4j-configuration-3.4.10.jar;c:\Develop\maven-repository\org\neo4j\neo4j-index\3.4.10\neo4j-index-3.4.10.jar;c:\Develop\maven-repository\org\neo4j\neo4j-spatial-index\3.4.10\neo4j-spatial-index-3.4.10.jar;c:\Develop\maven-repository\org\neo4j\neo4j-ssl\3.4.10\neo4j-ssl-3.4.10.jar;c:\Develop\maven-repository\org\neo4j\neo4j-security\3.4.10\neo4j-security-3.4.10.jar;c:\Develop\maven-repository\org\neo4j\neo4j-dbms\3.4.10\neo4j-dbms-3.4.10.jar;c:\Develop\maven-repository\org\neo4j\neo4j-import-tool\3.4.10\neo4j-import-tool-3.4.10.jar;c:\Develop\maven-repository\org\jprocesses\jProcesses\1.6.4\jProcesses-1.6.4.jar;c:\Develop\maven-repository\com\profesorfalken\WMI4Java\1.6.1\WMI4Java-1.6.1.jar;c:\Develop\maven-repository\com\profesorfalken\jPowerShell\1.9\jPowerShell-1.9.jar;C:\Develop\bin\jdk1.8.0_221\jre\..\lib\tools.jar;c:\Develop\maven-repository\org\neo4j\neo4j-command-line\3.4.10\neo4j-command-line-3.4.10.jar;c:\Develop\maven-repository\org\neo4j\server-api\3.4.10\server-api-3.4.10.jar;c:\Develop\maven-repository\org\neo4j\3rdparty\javax\ws\rs\jsr311-api\1.1.2.r612\jsr311-api-1.1.2.r612.jar;c:\Develop\maven-repository\org\neo4j\neo4j-cypher\3.4.10\neo4j-cypher-3.4.10.jar;c:\Develop\maven-repository\org\scala-lang\scala-library\2.11.12\scala-library-2.11.12.jar;c:\Develop\maven-repository\org\scala-lang\scala-reflect\2.11.12\scala-reflect-2.11.12.jar;c:\Develop\maven-repository\org\neo4j\neo4j-graph-matching\3.1.9\neo4j-graph-matching-3.1.9.jar;c:\Develop\maven-repository\org\neo4j\neo4j-codegen\3.4.10\neo4j-codegen-3.4.10.jar;c:\Develop\maven-repository\org\ow2\asm\asm\6.2\asm-6.2.jar;c:\Develop\maven-repository\org\ow2\asm\asm-util\6.2\asm-util-6.2.jar;c:\Develop\maven-repository\org\ow2\asm\asm-analysis\6.2\asm-analysis-6.2.jar;c:\Develop\maven-repository\org\ow2\asm\asm-tree\6.2\asm-tree-6.2.jar;c:\Develop\maven-repository\org\neo4j\neo4j-cypher-compiler-2.3\2.3.12\neo4j-cypher-compiler-2.3-2.3.12.jar;c:\Develop\maven-repository\org\neo4j\neo4j-cypher-frontend-2.3\2.3.12\neo4j-cypher-frontend-2.3-2.3.12.jar;c:\Develop\maven-repository\com\googlecode\concurrentlinkedhashmap\concurrentlinkedhashmap-lru\1.4.2\concurrentlinkedhashmap-lru-1.4.2.jar;c:\Develop\maven-repository\org\neo4j\neo4j-cypher-compiler-3.1\3.1.9\neo4j-cypher-compiler-3.1-3.1.9.jar;c:\Develop\maven-repository\org\neo4j\neo4j-cypher-frontend-3.1\3.1.9\neo4j-cypher-frontend-3.1-3.1.9.jar;c:\Develop\maven-repository\com\github\ben-manes\caffeine\caffeine\2.3.3\caffeine-2.3.3.jar;c:\Develop\maven-repository\org\neo4j\neo4j-cypher-compiler-3.3\3.3.8\neo4j-cypher-compiler-3.3-3.3.8.jar;c:\Develop\maven-repository\org\neo4j\neo4j-cypher-frontend-3.3\3.3.8\neo4j-cypher-frontend-3.3-3.3.8.jar;c:\Develop\maven-repository\org\neo4j\neo4j-cypher-ir-3.3\3.3.8\neo4j-cypher-ir-3.3-3.3.8.jar;c:\Develop\maven-repository\org\neo4j\neo4j-cypher-logical-plans-3.3\3.3.8\neo4j-cypher-logical-plans-3.3-3.3.8.jar;c:\Develop\maven-repository\org\neo4j\neo4j-cypher-util-3.4\3.4.10\neo4j-cypher-util-3.4-3.4.10.jar;c:\Develop\maven-repository\org\neo4j\neo4j-cypher-planner-3.4\3.4.10\neo4j-cypher-planner-3.4-3.4.10.jar;c:\Develop\maven-repository\org\neo4j\openCypher-frontend-1\3.4.10\openCypher-frontend-1-3.4.10.jar;c:\Develop\maven-repository\org\neo4j\neo4j-cypher-expression-3.4\3.4.10\neo4j-cypher-expression-3.4-3.4.10.jar;c:\Develop\maven-repository\org\neo4j\neo4j-cypher-ir-3.4\3.4.10\neo4j-cypher-ir-3.4-3.4.10.jar;c:\Develop\maven-repository\org\neo4j\neo4j-cypher-logical-plans-3.4\3.4.10\neo4j-cypher-logical-plans-3.4-3.4.10.jar;c:\Develop\maven-repository\org\neo4j\neo4j-cypher-planner-spi-3.4\3.4.10\neo4j-cypher-planner-spi-3.4-3.4.10.jar;c:\Develop\maven-repository\org\neo4j\neo4j-cypher-runtime-util\3.4.10\neo4j-cypher-runtime-util-3.4.10.jar;c:\Develop\maven-repository\org\neo4j\neo4j-cypher-interpreted-runtime\3.4.10\neo4j-cypher-interpreted-runtime-3.4.10.jar;c:\Develop\maven-repository\org\parboiled\parboiled-scala_2.11\1.1.7\parboiled-scala_2.11-1.1.7.jar;c:\Develop\maven-repository\org\parboiled\parboiled-core\1.1.7\parboiled-core-1.1.7.jar;c:\Develop\maven-repository\net\sf\opencsv\opencsv\2.3\opencsv-2.3.jar;c:\Develop\maven-repository\org\neo4j\neo4j-bolt\3.4.10\neo4j-bolt-3.4.10.jar;c:\Develop\maven-repository\org\neo4j\neo4j\2.3.12\neo4j-2.3.12.jar;c:\Develop\maven-repository\io\netty\netty-all\4.1.24.Final\netty-all-4.1.24.Final.jar;c:\Develop\maven-repository\org\codehaus\jackson\jackson-mapper-asl\1.9.13\jackson-mapper-asl-1.9.13.jar;c:\Develop\maven-repository\org\neo4j\client\neo4j-browser\3.2.13\neo4j-browser-3.2.13.jar;c:\Develop\maven-repository\org\neo4j\neo4j-shell\3.4.10\neo4j-shell-3.4.10.jar;c:\Develop\maven-repository\jline\jline\2.12\jline-2.12.jar;c:\Develop\maven-repository\org\eclipse\jetty\jetty-server\9.4.11.v20180605\jetty-server-9.4.11.v20180605.jar;c:\Develop\maven-repository\javax\servlet\javax.servlet-api\3.1.0\javax.servlet-api-3.1.0.jar;c:\Develop\maven-repository\org\eclipse\jetty\jetty-http\9.4.11.v20180605\jetty-http-9.4.11.v20180605.jar;c:\Develop\maven-repository\org\eclipse\jetty\jetty-util\9.4.11.v20180605\jetty-util-9.4.11.v20180605.jar;c:\Develop\maven-repository\org\eclipse\jetty\jetty-io\9.4.11.v20180605\jetty-io-9.4.11.v20180605.jar;c:\Develop\maven-repository\org\eclipse\jetty\jetty-webapp\9.4.11.v20180605\jetty-webapp-9.4.11.v20180605.jar;c:\Develop\maven-repository\org\eclipse\jetty\jetty-xml\9.4.11.v20180605\jetty-xml-9.4.11.v20180605.jar;c:\Develop\maven-repository\org\eclipse\jetty\jetty-servlet\9.4.11.v20180605\jetty-servlet-9.4.11.v20180605.jar;c:\Develop\maven-repository\org\eclipse\jetty\jetty-security\9.4.11.v20180605\jetty-security-9.4.11.v20180605.jar;c:\Develop\maven-repository\com\sun\jersey\jersey-server\1.19.3\jersey-server-1.19.3.jar;c:\Develop\maven-repository\com\sun\jersey\jersey-core\1.19.3\jersey-core-1.19.3.jar;c:\Develop\maven-repository\com\sun\jersey\jersey-servlet\1.19.3\jersey-servlet-1.19.3.jar;c:\Develop\maven-repository\commons-configuration\commons-configuration\1.10\commons-configuration-1.10.jar;c:\Develop\maven-repository\commons-logging\commons-logging\1.1.1\commons-logging-1.1.1.jar;c:\Develop\maven-repository\org\codehaus\jackson\jackson-jaxrs\1.9.13\jackson-jaxrs-1.9.13.jar;c:\Develop\maven-repository\org\codehaus\jackson\jackson-core-asl\1.9.13\jackson-core-asl-1.9.13.jar;c:\Develop\maven-repository\org\mozilla\rhino\1.7.9\rhino-1.7.9.jar;c:\Develop\maven-repository\org\bouncycastle\bcprov-jdk15on\1.60\bcprov-jdk15on-1.60.jar;c:\Develop\maven-repository\org\bouncycastle\bcpkix-jdk15on\1.60\bcpkix-jdk15on-1.60.jar;c:\Develop\maven-repository\org\neo4j\procedure\apoc\3.4.0.3\apoc-3.4.0.3.jar;c:\Develop\maven-repository\commons-codec\commons-codec\1.9\commons-codec-1.9.jar;c:\Develop\maven-repository\com\jayway\jsonpath\json-path\2.2.0\json-path-2.2.0.jar;c:\Develop\maven-repository\net\minidev\json-smart\2.2.1\json-smart-2.2.1.jar;c:\Develop\maven-repository\net\minidev\accessors-smart\1.1\accessors-smart-1.1.jar;c:\Develop\maven-repository\org\hdrhistogram\HdrHistogram\2.1.9\HdrHistogram-2.1.9.jar;c:\Develop\maven-repository\com\novell\ldap\jldap\2009-10-07\jldap-2009-10-07.jar;c:\Develop\maven-repository\org\jsoup\jsoup\1.11.3\jsoup-1.11.3.jar;c:\Develop\maven-repository\com\fasterxml\jackson\core\jackson-databind\2.9.0\jackson-databind-2.9.0.jar;c:\Develop\maven-repository\com\fasterxml\jackson\core\jackson-annotations\2.9.0\jackson-annotations-2.9.0.jar;c:\Develop\maven-repository\com\fasterxml\jackson\core\jackson-core\2.9.0\jackson-core-2.9.0.jar;c:\Develop\maven-repository\com\github\javafaker\javafaker\0.10\javafaker-0.10.jar;c:\Develop\maven-repository\com\github\mifmif\generex\1.0.1\generex-1.0.1.jar;c:\Develop\maven-repository\dk\brics\automaton\automaton\1.11-8\automaton-1.11-8.jar;c:\Develop\maven-repository\org\apache\commons\commons-math3\3.6.1\commons-math3-3.6.1.jar;c:\Develop\maven-repository\javax\mail\javax.mail-api\1.6.1\javax.mail-api-1.6.1.jar;c:\Develop\maven-repository\javax\activation\activation\1.1\activation-1.1.jar;c:\Develop\maven-repository\org\apache\poi\poi-ooxml\3.17\poi-ooxml-3.17.jar;c:\Develop\maven-repository\org\apache\poi\poi\3.17\poi-3.17.jar;c:\Develop\maven-repository\org\apache\poi\poi-ooxml-schemas\3.17\poi-ooxml-schemas-3.17.jar;c:\Develop\maven-repository\org\apache\xmlbeans\xmlbeans\2.6.0\xmlbeans-2.6.0.jar;c:\Develop\maven-repository\stax\stax-api\1.0.1\stax-api-1.0.1.jar;c:\Develop\maven-repository\com\github\virtuald\curvesapi\1.04\curvesapi-1.04.jar;c:\Develop\maven-repository\junit\junit\4.12\junit-4.12.jar;c:\Develop\maven-repository\org\hamcrest\hamcrest-core\1.3\hamcrest-core-1.3.jar;c:\Develop\maven-repository\org\mockito\mockito-core\1.10.19\mockito-core-1.10.19.jar;c:\Develop\maven-repository\org\objenesis\objenesis\2.1\objenesis-2.1.jar;c:\Develop\maven-repository\org\slf4j\slf4j-simple\1.7.21\slf4j-simple-1.7.21.jar;"/>
    <property name="java.vm.vendor" value="Oracle Corporation"/>
    <property name="sun.arch.data.model" value="64"/>
    <property name="user.variant" value=""/>
    <property name="java.vendor.url" value="http://java.oracle.com/"/>
    <property name="user.timezone" value=""/>
    <property name="java.vm.specification.version" value="1.8"/>
    <property name="os.name" value="Windows 10"/>
    <property name="user.country" value="US"/>
    <property name="sun.java.launcher" value="SUN_STANDARD"/>
    <property name="sun.boot.library.path" value="C:\Develop\bin\jdk1.8.0_221\jre\bin"/>
    <property name="sun.java.command" value="C:\Users\kesh\AppData\Local\Temp\surefire6272622360716003490\surefirebooter7928253122978889199.jar C:\Users\kesh\AppData\Local\Temp\surefire6272622360716003490 2019-08-24T14-48-12_273-jvmRun1 surefire8057798687413626402tmp surefire_05424819454194783430tmp"/>
    <property name="surefire.test.class.path" value="C:\workspace\jqassistant\jqa-python-plugin\target\test-classes;C:\workspace\jqassistant\jqa-python-plugin\target\classes;c:\Develop\maven-repository\org\antlr\antlr4-runtime\4.7\antlr4-runtime-4.7.jar;c:\Develop\maven-repository\org\python\jython-standalone\2.7.1\jython-standalone-2.7.1.jar;c:\Develop\maven-repository\com\buschmais\jqassistant\plugin\common\1.6.0\common-1.6.0.jar;c:\Develop\maven-repository\org\yaml\snakeyaml\1.19\snakeyaml-1.19.jar;c:\Develop\maven-repository\com\opencsv\opencsv\4.2\opencsv-4.2.jar;c:\Develop\maven-repository\org\apache\commons\commons-lang3\3.7\commons-lang3-3.7.jar;c:\Develop\maven-repository\org\apache\commons\commons-text\1.3\commons-text-1.3.jar;c:\Develop\maven-repository\commons-beanutils\commons-beanutils\1.9.3\commons-beanutils-1.9.3.jar;c:\Develop\maven-repository\commons-collections\commons-collections\3.2.2\commons-collections-3.2.2.jar;c:\Develop\maven-repository\org\apache\commons\commons-collections4\4.1\commons-collections4-4.1.jar;c:\Develop\maven-repository\com\google\guava\guava\20.0\guava-20.0.jar;c:\Develop\maven-repository\org\apache\commons\commons-compress\1.18\commons-compress-1.18.jar;c:\Develop\maven-repository\com\buschmais\jqassistant\core\shared\1.6.0\shared-1.6.0.jar;c:\Develop\maven-repository\org\asciidoctor\asciidoctorj\1.5.7\asciidoctorj-1.5.7.jar;c:\Develop\maven-repository\com\beust\jcommander\1.35\jcommander-1.35.jar;c:\Develop\maven-repository\org\asciidoctor\asciidoctorj-diagram\1.5.10\asciidoctorj-diagram-1.5.10.jar;c:\Develop\maven-repository\org\asciidoctor\asciidoctorj-pdf\1.5.0-alpha.16\asciidoctorj-pdf-1.5.0-alpha.16.jar;c:\Develop\maven-repository\net\sourceforge\plantuml\plantuml\1.2018.12\plantuml-1.2018.12.jar;c:\Develop\maven-repository\org\jruby\jruby-core\9.1.17.0\jruby-core-9.1.17.0.jar;c:\Develop\maven-repository\com\github\jnr\jnr-netdb\1.1.6\jnr-netdb-1.1.6.jar;c:\Develop\maven-repository\com\github\jnr\jnr-enxio\0.16\jnr-enxio-0.16.jar;c:\Develop\maven-repository\com\github\jnr\jnr-x86asm\1.0.2\jnr-x86asm-1.0.2.jar;c:\Develop\maven-repository\com\github\jnr\jnr-unixsocket\0.17\jnr-unixsocket-0.17.jar;c:\Develop\maven-repository\com\github\jnr\jnr-posix\3.0.44\jnr-posix-3.0.44.jar;c:\Develop\maven-repository\com\github\jnr\jnr-constants\0.9.9\jnr-constants-0.9.9.jar;c:\Develop\maven-repository\com\github\jnr\jffi\1.2.16\jffi-1.2.16.jar;c:\Develop\maven-repository\com\github\jnr\jffi\1.2.16\jffi-1.2.16-native.jar;c:\Develop\maven-repository\org\jruby\joni\joni\2.1.15\joni-2.1.15.jar;c:\Develop\maven-repository\org\jruby\extras\bytelist\1.0.15\bytelist-1.0.15.jar;c:\Develop\maven-repository\org\jruby\jcodings\jcodings\1.0.27\jcodings-1.0.27.jar;c:\Develop\maven-repository\org\jruby\dirgra\0.3\dirgra-0.3.jar;c:\Develop\maven-repository\com\headius\invokebinder\1.10\invokebinder-1.10.jar;c:\Develop\maven-repository\com\headius\options\1.4\options-1.4.jar;c:\Develop\maven-repository\com\headius\unsafe-fences\1.0\unsafe-fences-1.0.jar;c:\Develop\maven-repository\com\jcraft\jzlib\1.1.3\jzlib-1.1.3.jar;c:\Develop\maven-repository\com\martiansoftware\nailgun-server\0.9.1\nailgun-server-0.9.1.jar;c:\Develop\maven-repository\joda-time\joda-time\2.8.2\joda-time-2.8.2.jar;c:\Develop\maven-repository\com\headius\modulator\1.0\modulator-1.0.jar;c:\Develop\maven-repository\org\jruby\jruby-stdlib\9.1.17.0\jruby-stdlib-9.1.17.0.jar;c:\Develop\maven-repository\org\slf4j\slf4j-api\1.7.25\slf4j-api-1.7.25.jar;c:\Develop\maven-repository\org\slf4j\jcl-over-slf4j\1.7.21\jcl-over-slf4j-1.7.21.jar;c:\Develop\maven-repository\com\buschmais\jqassistant\core\scanner\1.6.0\scanner-1.6.0.jar;c:\Develop\maven-repository\com\buschmais\jqassistant\core\store\1.6.0\store-1.6.0.jar;c:\Develop\maven-repository\commons-io\commons-io\2.6\commons-io-2.6.jar;c:\Develop\maven-repository\commons-lang\commons-lang\2.4\commons-lang-2.4.jar;c:\Develop\maven-repository\com\buschmais\jqassistant\core\report\1.6.0\report-1.6.0.jar;c:\Develop\maven-repository\com\buschmais\jqassistant\core\rule\1.6.0\rule-1.6.0.jar;c:\Develop\maven-repository\com\buschmais\xo\xo.neo4j.api\0.11.0\xo.neo4j.api-0.11.0.jar;c:\Develop\maven-repository\com\buschmais\xo\xo.api\0.11.0\xo.api-0.11.0.jar;c:\Develop\maven-repository\javax\validation\validation-api\1.1.0.Final\validation-api-1.1.0.Final.jar;c:\Develop\maven-repository\com\buschmais\xo\xo.spi\0.11.0\xo.spi-0.11.0.jar;c:\Develop\maven-repository\org\glassfish\jaxb\jaxb-runtime\2.4.0-b180830.0438\jaxb-runtime-2.4.0-b180830.0438.jar;c:\Develop\maven-repository\javax\xml\bind\jaxb-api\2.4.0-b180830.0359\jaxb-api-2.4.0-b180830.0359.jar;c:\Develop\maven-repository\org\glassfish\jaxb\txw2\2.4.0-b180830.0438\txw2-2.4.0-b180830.0438.jar;c:\Develop\maven-repository\com\sun\istack\istack-commons-runtime\3.0.7\istack-commons-runtime-3.0.7.jar;c:\Develop\maven-repository\org\jvnet\staxex\stax-ex\1.8\stax-ex-1.8.jar;c:\Develop\maven-repository\com\sun\xml\fastinfoset\FastInfoset\1.2.15\FastInfoset-1.2.15.jar;c:\Develop\maven-repository\javax\activation\javax.activation-api\1.2.0\javax.activation-api-1.2.0.jar;c:\Develop\maven-repository\com\buschmais\jqassistant\core\plugin\1.6.0\plugin-1.6.0.jar;c:\Develop\maven-repository\com\buschmais\jqassistant\core\analysis\1.6.0\analysis-1.6.0.jar;c:\Develop\maven-repository\com\buschmais\jqassistant\plugin\common\1.6.0\common-1.6.0-tests.jar;c:\Develop\maven-repository\com\buschmais\jqassistant\core\store\1.6.0\store-1.6.0-tests.jar;c:\Develop\maven-repository\com\buschmais\jqassistant\neo4jserver\bootstrap\1.6.0\bootstrap-1.6.0.jar;c:\Develop\maven-repository\com\buschmais\xo\xo.neo4j.remote\0.11.0\xo.neo4j.remote-0.11.0.jar;c:\Develop\maven-repository\org\neo4j\driver\neo4j-java-driver\1.7.0\neo4j-java-driver-1.7.0.jar;c:\Develop\maven-repository\com\buschmais\xo\xo.impl\0.11.0\xo.impl-0.11.0.jar;c:\Develop\maven-repository\com\buschmais\jqassistant\core\analysis\1.6.0\analysis-1.6.0-tests.jar;c:\Develop\maven-repository\com\buschmais\xo\xo.neo4j.embedded\0.11.0\xo.neo4j.embedded-0.11.0.jar;c:\Develop\maven-repository\com\buschmais\xo\xo.neo4j.spi\0.11.0\xo.neo4j.spi-0.11.0.jar;c:\Develop\maven-repository\com\buschmais\jqassistant\neo4jserver\neo4jv3\1.6.0\neo4jv3-1.6.0.jar;c:\Develop\maven-repository\org\neo4j\app\neo4j-server\3.4.10\neo4j-server-3.4.10.jar;c:\Develop\maven-repository\org\neo4j\neo4j-lucene-index\3.4.10\neo4j-lucene-index-3.4.10.jar;c:\Develop\maven-repository\org\apache\lucene\lucene-analyzers-common\5.5.5\lucene-analyzers-common-5.5.5.jar;c:\Develop\maven-repository\org\apache\lucene\lucene-core\5.5.5\lucene-core-5.5.5.jar;c:\Develop\maven-repository\org\apache\lucene\lucene-queryparser\5.5.5\lucene-queryparser-5.5.5.jar;c:\Develop\maven-repository\org\apache\lucene\lucene-codecs\5.5.5\lucene-codecs-5.5.5.jar;c:\Develop\maven-repository\org\neo4j\neo4j-graph-algo\3.4.10\neo4j-graph-algo-3.4.10.jar;c:\Develop\maven-repository\org\neo4j\neo4j-udc\3.4.10\neo4j-udc-3.4.10.jar;c:\Develop\maven-repository\org\neo4j\neo4j-jmx\3.4.10\neo4j-jmx-3.4.10.jar;c:\Develop\maven-repository\org\neo4j\neo4j-consistency-check\3.4.10\neo4j-consistency-check-3.4.10.jar;c:\Develop\maven-repository\org\neo4j\neo4j-kernel\3.4.10\neo4j-kernel-3.4.10.jar;c:\Develop\maven-repository\org\neo4j\neo4j-graphdb-api\3.4.10\neo4j-graphdb-api-3.4.10.jar;c:\Develop\maven-repository\org\neo4j\neo4j-resource\3.4.10\neo4j-resource-3.4.10.jar;c:\Develop\maven-repository\org\neo4j\neo4j-procedure-api\3.4.10\neo4j-procedure-api-3.4.10.jar;c:\Develop\maven-repository\org\neo4j\neo4j-kernel-api\3.4.10\neo4j-kernel-api-3.4.10.jar;c:\Develop\maven-repository\org\neo4j\neo4j-common\3.4.10\neo4j-common-3.4.10.jar;c:\Develop\maven-repository\org\neo4j\neo4j-values\3.4.10\neo4j-values-3.4.10.jar;c:\Develop\maven-repository\org\neo4j\neo4j-collections\3.4.10\neo4j-collections-3.4.10.jar;c:\Develop\maven-repository\org\neo4j\neo4j-primitive-collections\3.4.10\neo4j-primitive-collections-3.4.10.jar;c:\Develop\maven-repository\org\neo4j\neo4j-unsafe\3.4.10\neo4j-unsafe-3.4.10.jar;c:\Develop\maven-repository\org\neo4j\neo4j-io\3.4.10\neo4j-io-3.4.10.jar;c:\Develop\maven-repository\org\neo4j\neo4j-csv\3.4.10\neo4j-csv-3.4.10.jar;c:\Develop\maven-repository\org\neo4j\neo4j-logging\3.4.10\neo4j-logging-3.4.10.jar;c:\Develop\maven-repository\org\neo4j\neo4j-lucene-upgrade\3.4.10\neo4j-lucene-upgrade-3.4.10.jar;c:\Develop\maven-repository\org\apache\lucene\lucene-backward-codecs\5.5.0\lucene-backward-codecs-5.5.0.jar;c:\Develop\maven-repository\org\neo4j\neo4j-configuration\3.4.10\neo4j-configuration-3.4.10.jar;c:\Develop\maven-repository\org\neo4j\neo4j-index\3.4.10\neo4j-index-3.4.10.jar;c:\Develop\maven-repository\org\neo4j\neo4j-spatial-index\3.4.10\neo4j-spatial-index-3.4.10.jar;c:\Develop\maven-repository\org\neo4j\neo4j-ssl\3.4.10\neo4j-ssl-3.4.10.jar;c:\Develop\maven-repository\org\neo4j\neo4j-security\3.4.10\neo4j-security-3.4.10.jar;c:\Develop\maven-repository\org\neo4j\neo4j-dbms\3.4.10\neo4j-dbms-3.4.10.jar;c:\Develop\maven-repository\org\neo4j\neo4j-import-tool\3.4.10\neo4j-import-tool-3.4.10.jar;c:\Develop\maven-repository\org\jprocesses\jProcesses\1.6.4\jProcesses-1.6.4.jar;c:\Develop\maven-repository\com\profesorfalken\WMI4Java\1.6.1\WMI4Java-1.6.1.jar;c:\Develop\maven-repository\com\profesorfalken\jPowerShell\1.9\jPowerShell-1.9.jar;C:\Develop\bin\jdk1.8.0_221\jre\..\lib\tools.jar;c:\Develop\maven-repository\org\neo4j\neo4j-command-line\3.4.10\neo4j-command-line-3.4.10.jar;c:\Develop\maven-repository\org\neo4j\server-api\3.4.10\server-api-3.4.10.jar;c:\Develop\maven-repository\org\neo4j\3rdparty\javax\ws\rs\jsr311-api\1.1.2.r612\jsr311-api-1.1.2.r612.jar;c:\Develop\maven-repository\org\neo4j\neo4j-cypher\3.4.10\neo4j-cypher-3.4.10.jar;c:\Develop\maven-repository\org\scala-lang\scala-library\2.11.12\scala-library-2.11.12.jar;c:\Develop\maven-repository\org\scala-lang\scala-reflect\2.11.12\scala-reflect-2.11.12.jar;c:\Develop\maven-repository\org\neo4j\neo4j-graph-matching\3.1.9\neo4j-graph-matching-3.1.9.jar;c:\Develop\maven-repository\org\neo4j\neo4j-codegen\3.4.10\neo4j-codegen-3.4.10.jar;c:\Develop\maven-repository\org\ow2\asm\asm\6.2\asm-6.2.jar;c:\Develop\maven-repository\org\ow2\asm\asm-util\6.2\asm-util-6.2.jar;c:\Develop\maven-repository\org\ow2\asm\asm-analysis\6.2\asm-analysis-6.2.jar;c:\Develop\maven-repository\org\ow2\asm\asm-tree\6.2\asm-tree-6.2.jar;c:\Develop\maven-repository\org\neo4j\neo4j-cypher-compiler-2.3\2.3.12\neo4j-cypher-compiler-2.3-2.3.12.jar;c:\Develop\maven-repository\org\neo4j\neo4j-cypher-frontend-2.3\2.3.12\neo4j-cypher-frontend-2.3-2.3.12.jar;c:\Develop\maven-repository\com\googlecode\concurrentlinkedhashmap\concurrentlinkedhashmap-lru\1.4.2\concurrentlinkedhashmap-lru-1.4.2.jar;c:\Develop\maven-repository\org\neo4j\neo4j-cypher-compiler-3.1\3.1.9\neo4j-cypher-compiler-3.1-3.1.9.jar;c:\Develop\maven-repository\org\neo4j\neo4j-cypher-frontend-3.1\3.1.9\neo4j-cypher-frontend-3.1-3.1.9.jar;c:\Develop\maven-repository\com\github\ben-manes\caffeine\caffeine\2.3.3\caffeine-2.3.3.jar;c:\Develop\maven-repository\org\neo4j\neo4j-cypher-compiler-3.3\3.3.8\neo4j-cypher-compiler-3.3-3.3.8.jar;c:\Develop\maven-repository\org\neo4j\neo4j-cypher-frontend-3.3\3.3.8\neo4j-cypher-frontend-3.3-3.3.8.jar;c:\Develop\maven-repository\org\neo4j\neo4j-cypher-ir-3.3\3.3.8\neo4j-cypher-ir-3.3-3.3.8.jar;c:\Develop\maven-repository\org\neo4j\neo4j-cypher-logical-plans-3.3\3.3.8\neo4j-cypher-logical-plans-3.3-3.3.8.jar;c:\Develop\maven-repository\org\neo4j\neo4j-cypher-util-3.4\3.4.10\neo4j-cypher-util-3.4-3.4.10.jar;c:\Develop\maven-repository\org\neo4j\neo4j-cypher-planner-3.4\3.4.10\neo4j-cypher-planner-3.4-3.4.10.jar;c:\Develop\maven-repository\org\neo4j\openCypher-frontend-1\3.4.10\openCypher-frontend-1-3.4.10.jar;c:\Develop\maven-repository\org\neo4j\neo4j-cypher-expression-3.4\3.4.10\neo4j-cypher-expression-3.4-3.4.10.jar;c:\Develop\maven-repository\org\neo4j\neo4j-cypher-ir-3.4\3.4.10\neo4j-cypher-ir-3.4-3.4.10.jar;c:\Develop\maven-repository\org\neo4j\neo4j-cypher-logical-plans-3.4\3.4.10\neo4j-cypher-logical-plans-3.4-3.4.10.jar;c:\Develop\maven-repository\org\neo4j\neo4j-cypher-planner-spi-3.4\3.4.10\neo4j-cypher-planner-spi-3.4-3.4.10.jar;c:\Develop\maven-repository\org\neo4j\neo4j-cypher-runtime-util\3.4.10\neo4j-cypher-runtime-util-3.4.10.jar;c:\Develop\maven-repository\org\neo4j\neo4j-cypher-interpreted-runtime\3.4.10\neo4j-cypher-interpreted-runtime-3.4.10.jar;c:\Develop\maven-repository\org\parboiled\parboiled-scala_2.11\1.1.7\parboiled-scala_2.11-1.1.7.jar;c:\Develop\maven-repository\org\parboiled\parboiled-core\1.1.7\parboiled-core-1.1.7.jar;c:\Develop\maven-repository\net\sf\opencsv\opencsv\2.3\opencsv-2.3.jar;c:\Develop\maven-repository\org\neo4j\neo4j-bolt\3.4.10\neo4j-bolt-3.4.10.jar;c:\Develop\maven-repository\org\neo4j\neo4j\2.3.12\neo4j-2.3.12.jar;c:\Develop\maven-repository\io\netty\netty-all\4.1.24.Final\netty-all-4.1.24.Final.jar;c:\Develop\maven-repository\org\codehaus\jackson\jackson-mapper-asl\1.9.13\jackson-mapper-asl-1.9.13.jar;c:\Develop\maven-repository\org\neo4j\client\neo4j-browser\3.2.13\neo4j-browser-3.2.13.jar;c:\Develop\maven-repository\org\neo4j\neo4j-shell\3.4.10\neo4j-shell-3.4.10.jar;c:\Develop\maven-repository\jline\jline\2.12\jline-2.12.jar;c:\Develop\maven-repository\org\eclipse\jetty\jetty-server\9.4.11.v20180605\jetty-server-9.4.11.v20180605.jar;c:\Develop\maven-repository\javax\servlet\javax.servlet-api\3.1.0\javax.servlet-api-3.1.0.jar;c:\Develop\maven-repository\org\eclipse\jetty\jetty-http\9.4.11.v20180605\jetty-http-9.4.11.v20180605.jar;c:\Develop\maven-repository\org\eclipse\jetty\jetty-util\9.4.11.v20180605\jetty-util-9.4.11.v20180605.jar;c:\Develop\maven-repository\org\eclipse\jetty\jetty-io\9.4.11.v20180605\jetty-io-9.4.11.v20180605.jar;c:\Develop\maven-repository\org\eclipse\jetty\jetty-webapp\9.4.11.v20180605\jetty-webapp-9.4.11.v20180605.jar;c:\Develop\maven-repository\org\eclipse\jetty\jetty-xml\9.4.11.v20180605\jetty-xml-9.4.11.v20180605.jar;c:\Develop\maven-repository\org\eclipse\jetty\jetty-servlet\9.4.11.v20180605\jetty-servlet-9.4.11.v20180605.jar;c:\Develop\maven-repository\org\eclipse\jetty\jetty-security\9.4.11.v20180605\jetty-security-9.4.11.v20180605.jar;c:\Develop\maven-repository\com\sun\jersey\jersey-server\1.19.3\jersey-server-1.19.3.jar;c:\Develop\maven-repository\com\sun\jersey\jersey-core\1.19.3\jersey-core-1.19.3.jar;c:\Develop\maven-repository\com\sun\jersey\jersey-servlet\1.19.3\jersey-servlet-1.19.3.jar;c:\Develop\maven-repository\commons-configuration\commons-configuration\1.10\commons-configuration-1.10.jar;c:\Develop\maven-repository\commons-logging\commons-logging\1.1.1\commons-logging-1.1.1.jar;c:\Develop\maven-repository\org\codehaus\jackson\jackson-jaxrs\1.9.13\jackson-jaxrs-1.9.13.jar;c:\Develop\maven-repository\org\codehaus\jackson\jackson-core-asl\1.9.13\jackson-core-asl-1.9.13.jar;c:\Develop\maven-repository\org\mozilla\rhino\1.7.9\rhino-1.7.9.jar;c:\Develop\maven-repository\org\bouncycastle\bcprov-jdk15on\1.60\bcprov-jdk15on-1.60.jar;c:\Develop\maven-repository\org\bouncycastle\bcpkix-jdk15on\1.60\bcpkix-jdk15on-1.60.jar;c:\Develop\maven-repository\org\neo4j\procedure\apoc\3.4.0.3\apoc-3.4.0.3.jar;c:\Develop\maven-repository\commons-codec\commons-codec\1.9\commons-codec-1.9.jar;c:\Develop\maven-repository\com\jayway\jsonpath\json-path\2.2.0\json-path-2.2.0.jar;c:\Develop\maven-repository\net\minidev\json-smart\2.2.1\json-smart-2.2.1.jar;c:\Develop\maven-repository\net\minidev\accessors-smart\1.1\accessors-smart-1.1.jar;c:\Develop\maven-repository\org\hdrhistogram\HdrHistogram\2.1.9\HdrHistogram-2.1.9.jar;c:\Develop\maven-repository\com\novell\ldap\jldap\2009-10-07\jldap-2009-10-07.jar;c:\Develop\maven-repository\org\jsoup\jsoup\1.11.3\jsoup-1.11.3.jar;c:\Develop\maven-repository\com\fasterxml\jackson\core\jackson-databind\2.9.0\jackson-databind-2.9.0.jar;c:\Develop\maven-repository\com\fasterxml\jackson\core\jackson-annotations\2.9.0\jackson-annotations-2.9.0.jar;c:\Develop\maven-repository\com\fasterxml\jackson\core\jackson-core\2.9.0\jackson-core-2.9.0.jar;c:\Develop\maven-repository\com\github\javafaker\javafaker\0.10\javafaker-0.10.jar;c:\Develop\maven-repository\com\github\mifmif\generex\1.0.1\generex-1.0.1.jar;c:\Develop\maven-repository\dk\brics\automaton\automaton\1.11-8\automaton-1.11-8.jar;c:\Develop\maven-repository\org\apache\commons\commons-math3\3.6.1\commons-math3-3.6.1.jar;c:\Develop\maven-repository\javax\mail\javax.mail-api\1.6.1\javax.mail-api-1.6.1.jar;c:\Develop\maven-repository\javax\activation\activation\1.1\activation-1.1.jar;c:\Develop\maven-repository\org\apache\poi\poi-ooxml\3.17\poi-ooxml-3.17.jar;c:\Develop\maven-repository\org\apache\poi\poi\3.17\poi-3.17.jar;c:\Develop\maven-repository\org\apache\poi\poi-ooxml-schemas\3.17\poi-ooxml-schemas-3.17.jar;c:\Develop\maven-repository\org\apache\xmlbeans\xmlbeans\2.6.0\xmlbeans-2.6.0.jar;c:\Develop\maven-repository\stax\stax-api\1.0.1\stax-api-1.0.1.jar;c:\Develop\maven-repository\com\github\virtuald\curvesapi\1.04\curvesapi-1.04.jar;c:\Develop\maven-repository\junit\junit\4.12\junit-4.12.jar;c:\Develop\maven-repository\org\hamcrest\hamcrest-core\1.3\hamcrest-core-1.3.jar;c:\Develop\maven-repository\org\mockito\mockito-core\1.10.19\mockito-core-1.10.19.jar;c:\Develop\maven-repository\org\objenesis\objenesis\2.1\objenesis-2.1.jar;c:\Develop\maven-repository\org\slf4j\slf4j-simple\1.7.21\slf4j-simple-1.7.21.jar;"/>
    <property name="sun.cpu.endian" value="little"/>
    <property name="user.home" value="C:\Users\kesh"/>
    <property name="user.language" value="en"/>
    <property name="java.specification.vendor" value="Oracle Corporation"/>
    <property name="java.home" value="C:\Develop\bin\jdk1.8.0_221\jre"/>
    <property name="basedir" value="C:\workspace\jqassistant\jqa-python-plugin"/>
    <property name="file.separator" value="\"/>
    <property name="line.separator" value="&#10;"/>
    <property name="java.vm.specification.vendor" value="Oracle Corporation"/>
    <property name="java.specification.name" value="Java Platform API Specification"/>
    <property name="java.awt.graphicsenv" value="sun.awt.Win32GraphicsEnvironment"/>
    <property name="surefire.real.class.path" value="C:\Users\kesh\AppData\Local\Temp\surefire6272622360716003490\surefirebooter7928253122978889199.jar"/>
    <property name="sun.boot.class.path" value="C:\Develop\bin\jdk1.8.0_221\jre\lib\resources.jar;C:\Develop\bin\jdk1.8.0_221\jre\lib\rt.jar;C:\Develop\bin\jdk1.8.0_221\jre\lib\sunrsasign.jar;C:\Develop\bin\jdk1.8.0_221\jre\lib\jsse.jar;C:\Develop\bin\jdk1.8.0_221\jre\lib\jce.jar;C:\Develop\bin\jdk1.8.0_221\jre\lib\charsets.jar;C:\Develop\bin\jdk1.8.0_221\jre\lib\jfr.jar;C:\Develop\bin\jdk1.8.0_221\jre\classes"/>
    <property name="user.script" value=""/>
    <property name="sun.management.compiler" value="HotSpot 64-Bit Tiered Compilers"/>
    <property name="java.runtime.version" value="1.8.0_221-b11"/>
    <property name="user.name" value="kesh"/>
    <property name="path.separator" value=";"/>
    <property name="os.version" value="10.0"/>
    <property name="java.endorsed.dirs" value="C:\Develop\bin\jdk1.8.0_221\jre\lib\endorsed"/>
    <property name="java.runtime.name" value="Java(TM) SE Runtime Environment"/>
    <property name="file.encoding" value="Cp1252"/>
    <property name="java.vm.name" value="Java HotSpot(TM) 64-Bit Server VM"/>
    <property name="localRepository" value="c:\Develop\maven-repository"/>
    <property name="java.vendor.url.bug" value="http://bugreport.sun.com/bugreport/"/>
    <property name="java.io.tmpdir" value="C:\Users\kesh\AppData\Local\Temp\"/>
    <property name="java.version" value="1.8.0_221"/>
    <property name="user.dir" value="C:\workspace\jqassistant\jqa-python-plugin"/>
    <property name="os.arch" value="amd64"/>
    <property name="java.vm.specification.name" value="Java Virtual Machine Specification"/>
    <property name="java.awt.printerjob" value="sun.awt.windows.WPrinterJob"/>
    <property name="sun.os.patch.level" value=""/>
    <property name="idea.version2019.2" value="true"/>
    <property name="java.library.path" value="C:\Develop\bin\jdk1.8.0_221\jre\bin;C:\WINDOWS\Sun\Java\bin;C:\WINDOWS\system32;C:\WINDOWS;C:\Program Files\JetBrains\IntelliJ IDEA 2019.2\jbr\\bin;C:\Program Files\JetBrains\IntelliJ IDEA 2019.2\jbr\\bin\server;C:\Program Files (x86)\Common Files\Oracle\Java\javapath;C:\WINDOWS\system32;C:\WINDOWS;C:\WINDOWS\System32\Wbem;C:\WINDOWS\System32\WindowsPowerShell\v1.0\;C:\WINDOWS\System32\OpenSSH\;C:\Program Files (x86)\WebEx\Productivity Tools;C:\Program Files\Intel\WiFi\bin\;C:\Program Files\Common Files\Intel\WirelessCommon\;C:\Program Files\NVIDIA Corporation\NVIDIA NvDLISR;C:\Program Files\PuTTY\;C:\ProgramData\chocolatey\bin;C:\Program Files\nodejs\;C:\Program Files\PowerShell\7-preview\preview;C:\Program Files (x86)\NVIDIA Corporation\PhysX\Common;C:\Develop\bin\apache-maven-3.6.1\bin;C:\Develop\bin\git\bin;C:\Users\kesh\AppData\Local\Programs\Python\Python37-32;C:\Users\kesh\.windows-build-tools\python27\;C:\Users\kesh\AppData\Local\Programs\Python\Python37-32\Scripts\;C:\Users\kesh\AppData\Local\Programs\Python\Python37-32\;C:\Users\kesh\AppData\Local\Microsoft\WindowsApps;C:\Program Files\JetBrains\IntelliJ IDEA 2019.2\bin;;C:\Users\kesh\AppData\Roaming\npm;C:\Develop\bin\adb;;."/>
    <property name="java.vm.info" value="mixed mode"/>
    <property name="java.vendor" value="Oracle Corporation"/>
    <property name="java.vm.version" value="25.221-b11"/>
    <property name="java.ext.dirs" value="C:\Develop\bin\jdk1.8.0_221\jre\lib\ext;C:\WINDOWS\Sun\Java\lib\ext"/>
    <property name="sun.io.unicode.encoding" value="UnicodeLittle"/>
    <property name="java.class.version" value="52.0"/>
  </properties>
  <testcase name="testParse" classname="ANTLRTest" time="0.731"/>
  <testcase name="testVisitor" classname="ANTLRTest" time="0.032"/>
  <testcase name="testWalker" classname="ANTLRTest" time="0.059"/>
</testsuite>