<?xml version="1.0" encoding="UTF-8" standalone="yes"?>
<testsuite name="jQAssistant-jqassistant-contrib_Default" tests="0" failures="0" errors="0" time="2.0"/>
